<?xml version="1.0" encoding="UTF-8"?>
<coverage generated="1584676936452" clover="3.2.0">
  <project timestamp="1584676936452" name="All files">
    <metrics statements="104" coveredstatements="74" conditionals="55" coveredconditionals="31" methods="42" coveredmethods="20" elements="201" coveredelements="125" complexity="0" loc="104" ncloc="104" packages="2" files="8" classes="8"/>
    <package name="src">
      <metrics statements="99" coveredstatements="69" conditionals="55" coveredconditionals="31" methods="41" coveredmethods="19"/>
      <file name="App.tsx" path="/home/hato/kohsei-san/src/App.tsx">
        <metrics statements="14" coveredstatements="14" conditionals="8" coveredconditionals="8" methods="8" coveredmethods="5"/>
        <line num="16" count="1" type="stmt"/>
        <line num="17" count="2" type="stmt"/>
        <line num="23" count="1" type="stmt"/>
        <line num="28" count="1" type="stmt"/>
        <line num="29" count="2" type="stmt"/>
        <line num="35" count="1" type="stmt"/>
        <line num="43" count="2" type="stmt"/>
        <line num="45" count="2" type="stmt"/>
        <line num="47" count="2" type="stmt"/>
        <line num="49" count="2" type="stmt"/>
        <line num="50" count="2" type="stmt"/>
        <line num="51" count="2" type="stmt"/>
        <line num="53" count="2" type="stmt"/>
        <line num="55" count="2" type="stmt"/>
      </file>
      <file name="Edit.tsx" path="/home/hato/kohsei-san/src/Edit.tsx">
        <metrics statements="22" coveredstatements="13" conditionals="10" coveredconditionals="4" methods="9" coveredmethods="3"/>
        <line num="28" count="1" type="stmt"/>
        <line num="34" count="3" type="stmt"/>
        <line num="35" count="3" type="stmt"/>
        <line num="37" count="3" type="stmt"/>
        <line num="38" count="1" type="stmt"/>
        <line num="39" count="1" type="stmt"/>
        <line num="40" count="1" type="stmt"/>
        <line num="42" count="1" type="stmt"/>
        <line num="44" count="0" type="stmt"/>
        <line num="47" count="0" type="stmt"/>
        <line num="48" count="0" type="stmt"/>
        <line num="50" count="1" type="stmt"/>
        <line num="55" count="3" type="stmt"/>
        <line num="57" count="3" type="stmt"/>
        <line num="58" count="0" type="stmt"/>
        <line num="63" count="3" type="stmt"/>
        <line num="64" count="0" type="cond" truecount="0" falsecount="2"/>
        <line num="65" count="0" type="stmt"/>
        <line num="68" count="0" type="stmt"/>
        <line num="69" count="0" type="stmt"/>
        <line num="76" count="3" type="stmt"/>
        <line num="97" count="0" type="stmt"/>
      </file>
      <file name="Sidebar.tsx" path="/home/hato/kohsei-san/src/Sidebar.tsx">
        <metrics statements="22" coveredstatements="10" conditionals="6" coveredconditionals="2" methods="12" coveredmethods="2"/>
        <line num="18" count="1" type="stmt"/>
        <line num="22" count="1" type="stmt"/>
        <line num="37" count="1" type="stmt"/>
        <line num="45" count="2" type="stmt"/>
        <line num="46" count="0" type="stmt"/>
        <line num="48" count="0" type="stmt"/>
        <line num="56" count="0" type="stmt"/>
        <line num="58" count="0" type="cond" truecount="0" falsecount="2"/>
        <line num="59" count="0" type="stmt"/>
        <line num="63" count="2" type="stmt"/>
        <line num="64" count="0" type="stmt"/>
        <line num="66" count="2" type="stmt"/>
        <line num="67" count="0" type="stmt"/>
        <line num="70" count="2" type="stmt"/>
        <line num="71" count="0" type="stmt"/>
        <line num="73" count="0" type="cond" truecount="0" falsecount="2"/>
        <line num="74" count="0" type="stmt"/>
        <line num="78" count="2" type="stmt"/>
        <line num="79" count="0" type="stmt"/>
        <line num="81" count="2" type="stmt"/>
        <line num="86" count="2" type="stmt"/>
        <line num="89" count="0" type="stmt"/>
      </file>
      <file name="index.tsx" path="/home/hato/kohsei-san/src/index.tsx">
        <metrics statements="12" coveredstatements="8" conditionals="6" coveredconditionals="2" methods="2" coveredmethods="1"/>
        <line num="21" count="1" type="cond" truecount="1" falsecount="1"/>
        <line num="22" count="0" type="stmt"/>
        <line num="24" count="0" type="cond" truecount="0" falsecount="2"/>
        <line num="25" count="0" type="stmt"/>
        <line num="37" count="1" type="stmt"/>
        <line num="41" count="1" type="stmt"/>
        <line num="42" count="1" type="stmt"/>
        <line num="47" count="1" type="cond" truecount="1" falsecount="1"/>
        <line num="48" count="0" type="stmt"/>
        <line num="53" count="1" type="stmt"/>
        <line num="55" count="1" type="stmt"/>
        <line num="67" count="1" type="stmt"/>
      </file>
      <file name="lint.ts" path="/home/hato/kohsei-san/src/lint.ts">
        <metrics statements="5" coveredstatements="5" conditionals="0" coveredconditionals="0" methods="3" coveredmethods="3"/>
        <line num="13" count="1" type="stmt"/>
        <line num="15" count="1" type="stmt"/>
        <line num="16" count="1" type="stmt"/>
        <line num="25" count="10" type="stmt"/>
        <line num="30" count="7" type="stmt"/>
      </file>
      <file name="useMemo.ts" path="/home/hato/kohsei-san/src/useMemo.ts">
        <metrics statements="24" coveredstatements="19" conditionals="25" coveredconditionals="15" methods="7" coveredmethods="5"/>
        <line num="12" count="1" type="stmt"/>
        <line num="13" count="2" type="stmt"/>
        <line num="15" count="2" type="stmt"/>
        <line num="16" count="2" type="stmt"/>
        <line num="17" count="2" type="stmt"/>
        <line num="19" count="2" type="cond" truecount="3" falsecount="0"/>
        <line num="21" count="2" type="stmt"/>
        <line num="22" count="0" type="stmt"/>
        <line num="25" count="1" type="stmt"/>
        <line num="26" count="1" type="cond" truecount="2" falsecount="1"/>
        <line num="28" count="1" type="stmt"/>
        <line num="29" count="1" type="stmt"/>
        <line num="44" count="2" type="stmt"/>
        <line num="45" count="0" type="stmt"/>
        <line num="48" count="1" type="cond" truecount="4" falsecount="2"/>
        <line num="54" count="2" type="stmt"/>
        <line num="56" count="2" type="stmt"/>
        <line num="57" count="1" type="stmt"/>
        <line num="58" count="1" type="stmt"/>
        <line num="59" count="1" type="stmt"/>
        <line num="61" count="0" type="stmt"/>
        <line num="64" count="0" type="stmt"/>
        <line num="65" count="0" type="stmt"/>
        <line num="69" count="2" type="stmt"/>
      </file>
    </package>
    <package name="src.prh">
      <metrics statements="5" coveredstatements="5" conditionals="0" coveredconditionals="0" methods="1" coveredmethods="1"/>
      <file name="index.ts" path="/home/hato/kohsei-san/src/prh/index.ts">
        <metrics statements="0" coveredstatements="0" conditionals="0" coveredconditionals="0" methods="0" coveredmethods="0"/>
      </file>
      <file name="initializePrh.ts" path="/home/hato/kohsei-san/src/prh/initializePrh.ts">
        <metrics statements="5" coveredstatements="5" conditionals="0" coveredconditionals="0" methods="1" coveredmethods="1"/>
        <line num="7" count="1" type="stmt"/>
        <line num="8" count="1" type="stmt"/>
        <line num="9" count="1" type="stmt"/>
        <line num="10" count="1" type="stmt"/>
        <line num="11" count="1" type="stmt"/>
      </file>
    </package>
  </project>
</coverage>
