{
  "/home/hato/kohsei-san/src/App.tsx": {
    "path": "/home/hato/kohsei-san/src/App.tsx",
    "statementMap": {
      "0": { "start": { "line": 16, "column": 21 }, "end": { "line": 21, "column": 1 } },
      "1": { "start": { "line": 17, "column": 19 }, "end": { "line": 20, "column": 3 } },
      "2": { "start": { "line": 23, "column": 16 }, "end": { "line": 26, "column": 1 } },
      "3": { "start": { "line": 28, "column": 22 }, "end": { "line": 33, "column": 1 } },
      "4": { "start": { "line": 29, "column": 19 }, "end": { "line": 32, "column": 3 } },
      "5": { "start": { "line": 35, "column": 37 }, "end": { "line": 99, "column": 1 } },
      "6": { "start": { "line": 43, "column": 6 }, "end": { "line": 43, "column": 15 } },
      "7": { "start": { "line": 45, "column": 41 }, "end": { "line": 45, "column": 98 } },
      "8": { "start": { "line": 45, "column": 85 }, "end": { "line": 45, "column": 91 } },
      "9": { "start": { "line": 47, "column": 44 }, "end": { "line": 47, "column": 59 } },
      "10": { "start": { "line": 49, "column": 55 }, "end": { "line": 49, "column": 83 } },
      "11": { "start": { "line": 49, "column": 61 }, "end": { "line": 49, "column": 83 } },
      "12": { "start": { "line": 50, "column": 54 }, "end": { "line": 50, "column": 85 } },
      "13": { "start": { "line": 50, "column": 60 }, "end": { "line": 50, "column": 85 } },
      "14": { "start": { "line": 51, "column": 54 }, "end": { "line": 51, "column": 83 } },
      "15": { "start": { "line": 51, "column": 60 }, "end": { "line": 51, "column": 83 } },
      "16": { "start": { "line": 53, "column": 15 }, "end": { "line": 53, "column": 52 } },
      "17": { "start": { "line": 53, "column": 38 }, "end": { "line": 53, "column": 51 } },
      "18": { "start": { "line": 55, "column": 2 }, "end": { "line": 98, "column": 4 } }
    },
    "fnMap": {
      "0": {
        "name": "(anonymous_0)",
        "decl": { "start": { "line": 17, "column": 4 }, "end": { "line": 17, "column": 5 } },
        "loc": { "start": { "line": 17, "column": 19 }, "end": { "line": 20, "column": 3 } },
        "line": 17
      },
      "1": {
        "name": "(anonymous_1)",
        "decl": { "start": { "line": 29, "column": 4 }, "end": { "line": 29, "column": 5 } },
        "loc": { "start": { "line": 29, "column": 19 }, "end": { "line": 32, "column": 3 } },
        "line": 29
      },
      "2": {
        "name": "(anonymous_2)",
        "decl": { "start": { "line": 35, "column": 37 }, "end": { "line": 35, "column": 38 } },
        "loc": { "start": { "line": 35, "column": 43 }, "end": { "line": 99, "column": 1 } },
        "line": 35
      },
      "3": {
        "name": "(anonymous_3)",
        "decl": { "start": { "line": 45, "column": 52 }, "end": { "line": 45, "column": 53 } },
        "loc": { "start": { "line": 45, "column": 85 }, "end": { "line": 45, "column": 91 } },
        "line": 45
      },
      "4": {
        "name": "(anonymous_4)",
        "decl": { "start": { "line": 49, "column": 55 }, "end": { "line": 49, "column": 56 } },
        "loc": { "start": { "line": 49, "column": 61 }, "end": { "line": 49, "column": 83 } },
        "line": 49
      },
      "5": {
        "name": "(anonymous_5)",
        "decl": { "start": { "line": 50, "column": 54 }, "end": { "line": 50, "column": 55 } },
        "loc": { "start": { "line": 50, "column": 60 }, "end": { "line": 50, "column": 85 } },
        "line": 50
      },
      "6": {
        "name": "(anonymous_6)",
        "decl": { "start": { "line": 51, "column": 54 }, "end": { "line": 51, "column": 55 } },
        "loc": { "start": { "line": 51, "column": 60 }, "end": { "line": 51, "column": 83 } },
        "line": 51
      },
      "7": {
        "name": "(anonymous_7)",
        "decl": { "start": { "line": 53, "column": 26 }, "end": { "line": 53, "column": 27 } },
        "loc": { "start": { "line": 53, "column": 38 }, "end": { "line": 53, "column": 51 } },
        "line": 53
      }
    },
    "branchMap": {
      "0": {
        "loc": { "start": { "line": 62, "column": 11 }, "end": { "line": 64, "column": 11 } },
        "type": "binary-expr",
        "locations": [
          { "start": { "line": 62, "column": 12 }, "end": { "line": 62, "column": 21 } },
          { "start": { "line": 62, "column": 25 }, "end": { "line": 62, "column": 63 } },
          { "start": { "line": 63, "column": 12 }, "end": { "line": 63, "column": 48 } }
        ],
        "line": 62
      },
      "1": {
        "loc": { "start": { "line": 65, "column": 39 }, "end": { "line": 65, "column": 70 } },
        "type": "binary-expr",
        "locations": [
          { "start": { "line": 65, "column": 40 }, "end": { "line": 65, "column": 49 } },
          { "start": { "line": 65, "column": 53 }, "end": { "line": 65, "column": 59 } },
          { "start": { "line": 65, "column": 64 }, "end": { "line": 65, "column": 70 } }
        ],
        "line": 65
      },
      "2": {
        "loc": { "start": { "line": 80, "column": 9 }, "end": { "line": 88, "column": 9 } },
        "type": "binary-expr",
        "locations": [
          { "start": { "line": 80, "column": 9 }, "end": { "line": 80, "column": 13 } },
          { "start": { "line": 81, "column": 10 }, "end": { "line": 87, "column": 12 } }
        ],
        "line": 80
      }
    },
    "s": {
      "0": 1,
      "1": 2,
      "2": 1,
      "3": 1,
      "4": 2,
      "5": 1,
      "6": 2,
      "7": 2,
      "8": 2,
      "9": 2,
      "10": 2,
      "11": 0,
      "12": 2,
      "13": 0,
      "14": 2,
      "15": 0,
      "16": 2,
      "17": 2,
      "18": 2
    },
    "f": { "0": 2, "1": 2, "2": 2, "3": 2, "4": 0, "5": 0, "6": 0, "7": 2 },
    "b": { "0": [2, 1, 1], "1": [2, 1, 1], "2": [2, 2] },
    "_coverageSchema": "1a1c01bbd47fc00a2c39e90264f33305004495a9",
    "hash": "b970acaa20a5ac6ef8cc205d28a55a7ed7f4f1cf"
  },
  "/home/hato/kohsei-san/src/Edit.tsx": {
    "path": "/home/hato/kohsei-san/src/Edit.tsx",
    "statementMap": {
      "0": { "start": { "line": 28, "column": 49 }, "end": { "line": 122, "column": 1 } },
      "1": { "start": { "line": 34, "column": 48 }, "end": { "line": 34, "column": 63 } },
      "2": { "start": { "line": 35, "column": 34 }, "end": { "line": 35, "column": 65 } },
      "3": { "start": { "line": 37, "column": 2 }, "end": { "line": 53, "column": 18 } },
      "4": { "start": { "line": 38, "column": 4 }, "end": { "line": 52, "column": 7 } },
      "5": { "start": { "line": 39, "column": 6 }, "end": { "line": 51, "column": 7 } },
      "6": { "start": { "line": 40, "column": 23 }, "end": { "line": 40, "column": 44 } },
      "7": { "start": { "line": 42, "column": 8 }, "end": { "line": 42, "column": 37 } },
      "8": { "start": { "line": 44, "column": 8 }, "end": { "line": 44, "column": 33 } },
      "9": { "start": { "line": 47, "column": 8 }, "end": { "line": 47, "column": 33 } },
      "10": { "start": { "line": 48, "column": 8 }, "end": { "line": 48, "column": 43 } },
      "11": { "start": { "line": 50, "column": 8 }, "end": { "line": 50, "column": 33 } },
      "12": { "start": { "line": 55, "column": 54 }, "end": { "line": 55, "column": 85 } },
      "13": { "start": { "line": 55, "column": 60 }, "end": { "line": 55, "column": 85 } },
      "14": { "start": { "line": 57, "column": 52 }, "end": { "line": 61, "column": 6 } },
      "15": { "start": { "line": 58, "column": 4 }, "end": { "line": 61, "column": 6 } },
      "16": { "start": { "line": 63, "column": 71 }, "end": { "line": 74, "column": 3 } },
      "17": { "start": { "line": 64, "column": 4 }, "end": { "line": 66, "column": 5 } },
      "18": { "start": { "line": 65, "column": 6 }, "end": { "line": 65, "column": 30 } },
      "19": { "start": { "line": 68, "column": 4 }, "end": { "line": 73, "column": 6 } },
      "20": { "start": { "line": 69, "column": 6 }, "end": { "line": 72, "column": 9 } },
      "21": { "start": { "line": 69, "column": 33 }, "end": { "line": 72, "column": 7 } },
      "22": { "start": { "line": 76, "column": 2 }, "end": { "line": 121, "column": 4 } },
      "23": { "start": { "line": 97, "column": 16 }, "end": { "line": 97, "column": 73 } }
    },
    "fnMap": {
      "0": {
        "name": "(anonymous_0)",
        "decl": { "start": { "line": 28, "column": 49 }, "end": { "line": 28, "column": 50 } },
        "loc": { "start": { "line": 33, "column": 6 }, "end": { "line": 122, "column": 1 } },
        "line": 33
      },
      "1": {
        "name": "(anonymous_1)",
        "decl": { "start": { "line": 37, "column": 12 }, "end": { "line": 37, "column": 13 } },
        "loc": { "start": { "line": 37, "column": 18 }, "end": { "line": 53, "column": 3 } },
        "line": 37
      },
      "2": {
        "name": "(anonymous_2)",
        "decl": { "start": { "line": 38, "column": 15 }, "end": { "line": 38, "column": 16 } },
        "loc": { "start": { "line": 38, "column": 27 }, "end": { "line": 52, "column": 5 } },
        "line": 38
      },
      "3": {
        "name": "(anonymous_3)",
        "decl": { "start": { "line": 55, "column": 54 }, "end": { "line": 55, "column": 55 } },
        "loc": { "start": { "line": 55, "column": 60 }, "end": { "line": 55, "column": 85 } },
        "line": 55
      },
      "4": {
        "name": "(anonymous_4)",
        "decl": { "start": { "line": 57, "column": 52 }, "end": { "line": 57, "column": 53 } },
        "loc": { "start": { "line": 58, "column": 4 }, "end": { "line": 61, "column": 6 } },
        "line": 58
      },
      "5": {
        "name": "(anonymous_5)",
        "decl": { "start": { "line": 63, "column": 71 }, "end": { "line": 63, "column": 72 } },
        "loc": { "start": { "line": 63, "column": 87 }, "end": { "line": 74, "column": 3 } },
        "line": 63
      },
      "6": {
        "name": "(anonymous_6)",
        "decl": { "start": { "line": 68, "column": 18 }, "end": { "line": 68, "column": 19 } },
        "loc": { "start": { "line": 69, "column": 6 }, "end": { "line": 72, "column": 9 } },
        "line": 69
      },
      "7": {
        "name": "(anonymous_7)",
        "decl": { "start": { "line": 69, "column": 20 }, "end": { "line": 69, "column": 21 } },
        "loc": { "start": { "line": 69, "column": 33 }, "end": { "line": 72, "column": 7 } },
        "line": 69
      },
      "8": {
        "name": "(anonymous_8)",
        "decl": { "start": { "line": 96, "column": 28 }, "end": { "line": 96, "column": 29 } },
        "loc": { "start": { "line": 97, "column": 16 }, "end": { "line": 97, "column": 73 } },
        "line": 97
      }
    },
    "branchMap": {
      "0": {
        "loc": { "start": { "line": 64, "column": 4 }, "end": { "line": 66, "column": 5 } },
        "type": "if",
        "locations": [
          { "start": { "line": 64, "column": 4 }, "end": { "line": 66, "column": 5 } },
          { "start": { "line": 64, "column": 4 }, "end": { "line": 66, "column": 5 } }
        ],
        "line": 64
      },
      "1": {
        "loc": { "start": { "line": 71, "column": 12 }, "end": { "line": 71, "column": 61 } },
        "type": "binary-expr",
        "locations": [
          { "start": { "line": 71, "column": 12 }, "end": { "line": 71, "column": 35 } },
          { "start": { "line": 71, "column": 39 }, "end": { "line": 71, "column": 61 } }
        ],
        "line": 71
      },
      "2": {
        "loc": { "start": { "line": 91, "column": 13 }, "end": { "line": 93, "column": 13 } },
        "type": "binary-expr",
        "locations": [
          { "start": { "line": 91, "column": 13 }, "end": { "line": 91, "column": 23 } },
          { "start": { "line": 91, "column": 27 }, "end": { "line": 91, "column": 48 } },
          { "start": { "line": 91, "column": 52 }, "end": { "line": 91, "column": 68 } },
          { "start": { "line": 92, "column": 14 }, "end": { "line": 92, "column": 58 } }
        ],
        "line": 91
      },
      "3": {
        "loc": { "start": { "line": 101, "column": 13 }, "end": { "line": 110, "column": 13 } },
        "type": "binary-expr",
        "locations": [
          { "start": { "line": 101, "column": 13 }, "end": { "line": 101, "column": 28 } },
          { "start": { "line": 102, "column": 14 }, "end": { "line": 109, "column": 23 } }
        ],
        "line": 101
      }
    },
    "s": {
      "0": 1,
      "1": 3,
      "2": 3,
      "3": 3,
      "4": 1,
      "5": 1,
      "6": 1,
      "7": 1,
      "8": 0,
      "9": 0,
      "10": 0,
      "11": 1,
      "12": 3,
      "13": 0,
      "14": 3,
      "15": 0,
      "16": 3,
      "17": 0,
      "18": 0,
      "19": 0,
      "20": 0,
      "21": 0,
      "22": 3,
      "23": 0
    },
    "f": { "0": 3, "1": 1, "2": 1, "3": 0, "4": 0, "5": 0, "6": 0, "7": 0, "8": 0 },
    "b": { "0": [0, 0], "1": [0, 0], "2": [3, 1, 1, 0], "3": [3, 0] },
    "_coverageSchema": "1a1c01bbd47fc00a2c39e90264f33305004495a9",
    "hash": "53bffbe2514f9d9a6f166c04e7f4da9178f16869"
  },
  "/home/hato/kohsei-san/src/Sidebar.tsx": {
    "path": "/home/hato/kohsei-san/src/Sidebar.tsx",
    "statementMap": {
      "0": { "start": { "line": 18, "column": 24 }, "end": { "line": 20, "column": 1 } },
      "1": { "start": { "line": 22, "column": 17 }, "end": { "line": 26, "column": 1 } },
      "2": { "start": { "line": 37, "column": 55 }, "end": { "line": 122, "column": 1 } },
      "3": { "start": { "line": 45, "column": 50 }, "end": { "line": 61, "column": 3 } },
      "4": { "start": { "line": 46, "column": 15 }, "end": { "line": 46, "column": 23 } },
      "5": { "start": { "line": 48, "column": 4 }, "end": { "line": 54, "column": 7 } },
      "6": { "start": { "line": 48, "column": 31 }, "end": { "line": 54, "column": 5 } },
      "7": { "start": { "line": 56, "column": 4 }, "end": { "line": 56, "column": 23 } },
      "8": { "start": { "line": 58, "column": 4 }, "end": { "line": 60, "column": 5 } },
      "9": { "start": { "line": 59, "column": 6 }, "end": { "line": 59, "column": 16 } },
      "10": { "start": { "line": 63, "column": 54 }, "end": { "line": 64, "column": 80 } },
      "11": { "start": { "line": 64, "column": 4 }, "end": { "line": 64, "column": 80 } },
      "12": { "start": { "line": 66, "column": 28 }, "end": { "line": 68, "column": 3 } },
      "13": { "start": { "line": 67, "column": 4 }, "end": { "line": 67, "column": 81 } },
      "14": { "start": { "line": 67, "column": 31 }, "end": { "line": 67, "column": 79 } },
      "15": { "start": { "line": 67, "column": 60 }, "end": { "line": 67, "column": 78 } },
      "16": { "start": { "line": 70, "column": 26 }, "end": { "line": 76, "column": 3 } },
      "17": { "start": { "line": 71, "column": 4 }, "end": { "line": 71, "column": 23 } },
      "18": { "start": { "line": 73, "column": 4 }, "end": { "line": 75, "column": 5 } },
      "19": { "start": { "line": 74, "column": 6 }, "end": { "line": 74, "column": 16 } },
      "20": { "start": { "line": 78, "column": 54 }, "end": { "line": 79, "column": 47 } },
      "21": { "start": { "line": 79, "column": 4 }, "end": { "line": 79, "column": 47 } },
      "22": { "start": { "line": 81, "column": 2 }, "end": { "line": 121, "column": 4 } },
      "23": { "start": { "line": 86, "column": 12 }, "end": { "line": 93, "column": 23 } },
      "24": { "start": { "line": 86, "column": 53 }, "end": { "line": 86, "column": 72 } },
      "25": { "start": { "line": 89, "column": 54 }, "end": { "line": 89, "column": 75 } }
    },
    "fnMap": {
      "0": {
        "name": "(anonymous_0)",
        "decl": { "start": { "line": 37, "column": 55 }, "end": { "line": 37, "column": 56 } },
        "loc": { "start": { "line": 44, "column": 6 }, "end": { "line": 122, "column": 1 } },
        "line": 44
      },
      "1": {
        "name": "(anonymous_1)",
        "decl": { "start": { "line": 45, "column": 50 }, "end": { "line": 45, "column": 51 } },
        "loc": { "start": { "line": 45, "column": 56 }, "end": { "line": 61, "column": 3 } },
        "line": 45
      },
      "2": {
        "name": "(anonymous_2)",
        "decl": { "start": { "line": 48, "column": 18 }, "end": { "line": 48, "column": 19 } },
        "loc": { "start": { "line": 48, "column": 31 }, "end": { "line": 54, "column": 5 } },
        "line": 48
      },
      "3": {
        "name": "(anonymous_3)",
        "decl": { "start": { "line": 63, "column": 54 }, "end": { "line": 63, "column": 55 } },
        "loc": { "start": { "line": 64, "column": 4 }, "end": { "line": 64, "column": 80 } },
        "line": 64
      },
      "4": {
        "name": "(anonymous_4)",
        "decl": { "start": { "line": 66, "column": 28 }, "end": { "line": 66, "column": 29 } },
        "loc": { "start": { "line": 66, "column": 44 }, "end": { "line": 68, "column": 3 } },
        "line": 66
      },
      "5": {
        "name": "(anonymous_5)",
        "decl": { "start": { "line": 67, "column": 18 }, "end": { "line": 67, "column": 19 } },
        "loc": { "start": { "line": 67, "column": 31 }, "end": { "line": 67, "column": 79 } },
        "line": 67
      },
      "6": {
        "name": "(anonymous_6)",
        "decl": { "start": { "line": 67, "column": 48 }, "end": { "line": 67, "column": 49 } },
        "loc": { "start": { "line": 67, "column": 60 }, "end": { "line": 67, "column": 78 } },
        "line": 67
      },
      "7": {
        "name": "(anonymous_7)",
        "decl": { "start": { "line": 70, "column": 26 }, "end": { "line": 70, "column": 27 } },
        "loc": { "start": { "line": 70, "column": 42 }, "end": { "line": 76, "column": 3 } },
        "line": 70
      },
      "8": {
        "name": "(anonymous_8)",
        "decl": { "start": { "line": 78, "column": 54 }, "end": { "line": 78, "column": 55 } },
        "loc": { "start": { "line": 79, "column": 4 }, "end": { "line": 79, "column": 47 } },
        "line": 79
      },
      "9": {
        "name": "(anonymous_9)",
        "decl": { "start": { "line": 85, "column": 21 }, "end": { "line": 85, "column": 22 } },
        "loc": { "start": { "line": 86, "column": 12 }, "end": { "line": 93, "column": 23 } },
        "line": 86
      },
      "10": {
        "name": "(anonymous_10)",
        "decl": { "start": { "line": 86, "column": 47 }, "end": { "line": 86, "column": 48 } },
        "loc": { "start": { "line": 86, "column": 53 }, "end": { "line": 86, "column": 72 } },
        "line": 86
      },
      "11": {
        "name": "(anonymous_11)",
        "decl": { "start": { "line": 89, "column": 48 }, "end": { "line": 89, "column": 49 } },
        "loc": { "start": { "line": 89, "column": 54 }, "end": { "line": 89, "column": 75 } },
        "line": 89
      }
    },
    "branchMap": {
      "0": {
        "loc": { "start": { "line": 58, "column": 4 }, "end": { "line": 60, "column": 5 } },
        "type": "if",
        "locations": [
          { "start": { "line": 58, "column": 4 }, "end": { "line": 60, "column": 5 } },
          { "start": { "line": 58, "column": 4 }, "end": { "line": 60, "column": 5 } }
        ],
        "line": 58
      },
      "1": {
        "loc": { "start": { "line": 73, "column": 4 }, "end": { "line": 75, "column": 5 } },
        "type": "if",
        "locations": [
          { "start": { "line": 73, "column": 4 }, "end": { "line": 75, "column": 5 } },
          { "start": { "line": 73, "column": 4 }, "end": { "line": 75, "column": 5 } }
        ],
        "line": 73
      },
      "2": {
        "loc": { "start": { "line": 87, "column": 33 }, "end": { "line": 87, "column": 49 } },
        "type": "binary-expr",
        "locations": [
          { "start": { "line": 87, "column": 33 }, "end": { "line": 87, "column": 37 } },
          { "start": { "line": 87, "column": 41 }, "end": { "line": 87, "column": 49 } }
        ],
        "line": 87
      }
    },
    "s": {
      "0": 1,
      "1": 1,
      "2": 1,
      "3": 2,
      "4": 0,
      "5": 0,
      "6": 0,
      "7": 0,
      "8": 0,
      "9": 0,
      "10": 2,
      "11": 0,
      "12": 2,
      "13": 0,
      "14": 0,
      "15": 0,
      "16": 2,
      "17": 0,
      "18": 0,
      "19": 0,
      "20": 2,
      "21": 0,
      "22": 2,
      "23": 2,
      "24": 0,
      "25": 0
    },
    "f": {
      "0": 2,
      "1": 0,
      "2": 0,
      "3": 0,
      "4": 0,
      "5": 0,
      "6": 0,
      "7": 0,
      "8": 0,
      "9": 2,
      "10": 0,
      "11": 0
    },
    "b": { "0": [0, 0], "1": [0, 0], "2": [2, 2] },
    "_coverageSchema": "1a1c01bbd47fc00a2c39e90264f33305004495a9",
    "hash": "455499c0392f16cf613e6707aa5cd0627eac81c6"
  },
  "/home/hato/kohsei-san/src/index.tsx": {
    "path": "/home/hato/kohsei-san/src/index.tsx",
    "statementMap": {
      "0": { "start": { "line": 21, "column": 0 }, "end": { "line": 27, "column": 1 } },
      "1": { "start": { "line": 22, "column": 2 }, "end": { "line": 22, "column": 85 } },
      "2": { "start": { "line": 24, "column": 2 }, "end": { "line": 26, "column": 3 } },
      "3": { "start": { "line": 25, "column": 4 }, "end": { "line": 25, "column": 97 } },
      "4": { "start": { "line": 25, "column": 42 }, "end": { "line": 25, "column": 95 } },
      "5": { "start": { "line": 37, "column": 0 }, "end": { "line": 39, "column": 2 } },
      "6": { "start": { "line": 41, "column": 0 }, "end": { "line": 41, "column": 26 } },
      "7": { "start": { "line": 42, "column": 0 }, "end": { "line": 51, "column": 2 } },
      "8": { "start": { "line": 47, "column": 4 }, "end": { "line": 49, "column": 5 } },
      "9": { "start": { "line": 48, "column": 6 }, "end": { "line": 48, "column": 22 } },
      "10": { "start": { "line": 53, "column": 0 }, "end": { "line": 53, "column": 16 } },
      "11": { "start": { "line": 55, "column": 14 }, "end": { "line": 60, "column": 2 } },
      "12": { "start": { "line": 67, "column": 0 }, "end": { "line": 80, "column": 2 } }
    },
    "fnMap": {
      "0": {
        "name": "(anonymous_0)",
        "decl": { "start": { "line": 25, "column": 36 }, "end": { "line": 25, "column": 37 } },
        "loc": { "start": { "line": 25, "column": 42 }, "end": { "line": 25, "column": 95 } },
        "line": 25
      },
      "1": {
        "name": "(anonymous_1)",
        "decl": { "start": { "line": 46, "column": 2 }, "end": { "line": 46, "column": 3 } },
        "loc": { "start": { "line": 46, "column": 15 }, "end": { "line": 50, "column": 3 } },
        "line": 46
      }
    },
    "branchMap": {
      "0": {
        "loc": { "start": { "line": 21, "column": 0 }, "end": { "line": 27, "column": 1 } },
        "type": "if",
        "locations": [
          { "start": { "line": 21, "column": 0 }, "end": { "line": 27, "column": 1 } },
          { "start": { "line": 21, "column": 0 }, "end": { "line": 27, "column": 1 } }
        ],
        "line": 21
      },
      "1": {
        "loc": { "start": { "line": 24, "column": 2 }, "end": { "line": 26, "column": 3 } },
        "type": "if",
        "locations": [
          { "start": { "line": 24, "column": 2 }, "end": { "line": 26, "column": 3 } },
          { "start": { "line": 24, "column": 2 }, "end": { "line": 26, "column": 3 } }
        ],
        "line": 24
      },
      "2": {
        "loc": { "start": { "line": 47, "column": 4 }, "end": { "line": 49, "column": 5 } },
        "type": "if",
        "locations": [
          { "start": { "line": 47, "column": 4 }, "end": { "line": 49, "column": 5 } },
          { "start": { "line": 47, "column": 4 }, "end": { "line": 49, "column": 5 } }
        ],
        "line": 47
      }
    },
    "s": {
      "0": 1,
      "1": 0,
      "2": 0,
      "3": 0,
      "4": 0,
      "5": 1,
      "6": 1,
      "7": 1,
      "8": 1,
      "9": 0,
      "10": 1,
      "11": 1,
      "12": 1
    },
    "f": { "0": 0, "1": 1 },
    "b": { "0": [0, 1], "1": [0, 0], "2": [0, 1] },
    "_coverageSchema": "1a1c01bbd47fc00a2c39e90264f33305004495a9",
    "hash": "b83192d66dad376798fb7ecfe0cf1b12c9ef55bd"
  },
  "/home/hato/kohsei-san/src/lint.ts": {
    "path": "/home/hato/kohsei-san/src/lint.ts",
    "statementMap": {
      "0": { "start": { "line": 13, "column": 15 }, "end": { "line": 13, "column": 35 } },
      "1": { "start": { "line": 15, "column": 13 }, "end": { "line": 47, "column": 4 } },
      "2": { "start": { "line": 16, "column": 2 }, "end": { "line": 47, "column": 4 } },
      "3": { "start": { "line": 25, "column": 67 }, "end": { "line": 29, "column": 7 } },
      "4": { "start": { "line": 30, "column": 68 }, "end": { "line": 34, "column": 7 } }
    },
    "fnMap": {
      "0": {
        "name": "(anonymous_0)",
        "decl": { "start": { "line": 15, "column": 13 }, "end": { "line": 15, "column": 14 } },
        "loc": { "start": { "line": 16, "column": 2 }, "end": { "line": 47, "column": 4 } },
        "line": 16
      },
      "1": {
        "name": "(anonymous_1)",
        "decl": { "start": { "line": 25, "column": 59 }, "end": { "line": 25, "column": 60 } },
        "loc": { "start": { "line": 25, "column": 67 }, "end": { "line": 29, "column": 7 } },
        "line": 25
      },
      "2": {
        "name": "(anonymous_2)",
        "decl": { "start": { "line": 30, "column": 60 }, "end": { "line": 30, "column": 61 } },
        "loc": { "start": { "line": 30, "column": 68 }, "end": { "line": 34, "column": 7 } },
        "line": 30
      }
    },
    "branchMap": {},
    "s": { "0": 1, "1": 1, "2": 1, "3": 10, "4": 7 },
    "f": { "0": 1, "1": 10, "2": 7 },
    "b": {},
    "_coverageSchema": "1a1c01bbd47fc00a2c39e90264f33305004495a9",
    "hash": "7ba265dd059ac20cb5cd76ffb3e124d753bd26b8"
  },
  "/home/hato/kohsei-san/src/useMemo.ts": {
    "path": "/home/hato/kohsei-san/src/useMemo.ts",
    "statementMap": {
      "0": { "start": { "line": 12, "column": 16 }, "end": { "line": 77, "column": 1 } },
      "1": { "start": { "line": 13, "column": 23 }, "end": { "line": 13, "column": 66 } },
      "2": { "start": { "line": 15, "column": 20 }, "end": { "line": 15, "column": 44 } },
      "3": { "start": { "line": 16, "column": 21 }, "end": { "line": 16, "column": 46 } },
      "4": { "start": { "line": 17, "column": 19 }, "end": { "line": 17, "column": 42 } },
      "5": { "start": { "line": 19, "column": 19 }, "end": { "line": 19, "column": 81 } },
      "6": { "start": { "line": 21, "column": 33 }, "end": { "line": 42, "column": 3 } },
      "7": { "start": { "line": 22, "column": 44 }, "end": { "line": 22, "column": 57 } },
      "8": { "start": { "line": 25, "column": 24 }, "end": { "line": 25, "column": 53 } },
      "9": { "start": { "line": 26, "column": 49 }, "end": { "line": 26, "column": 93 } },
      "10": { "start": { "line": 28, "column": 6 }, "end": { "line": 40, "column": 8 } },
      "11": { "start": { "line": 29, "column": 52 }, "end": { "line": 32, "column": 9 } },
      "12": { "start": { "line": 44, "column": 35 }, "end": { "line": 52, "column": 3 } },
      "13": { "start": { "line": 45, "column": 35 }, "end": { "line": 45, "column": 41 } },
      "14": { "start": { "line": 48, "column": 6 }, "end": { "line": 51, "column": 8 } },
      "15": { "start": { "line": 54, "column": 48 }, "end": { "line": 54, "column": 63 } },
      "16": { "start": { "line": 56, "column": 2 }, "end": { "line": 67, "column": 22 } },
      "17": { "start": { "line": 57, "column": 4 }, "end": { "line": 66, "column": 5 } },
      "18": { "start": { "line": 58, "column": 6 }, "end": { "line": 58, "column": 45 } },
      "19": { "start": { "line": 59, "column": 6 }, "end": { "line": 59, "column": 59 } },
      "20": { "start": { "line": 61, "column": 6 }, "end": { "line": 61, "column": 31 } },
      "21": { "start": { "line": 64, "column": 6 }, "end": { "line": 64, "column": 31 } },
      "22": { "start": { "line": 65, "column": 6 }, "end": { "line": 65, "column": 41 } },
      "23": { "start": { "line": 69, "column": 2 }, "end": { "line": 76, "column": 4 } }
    },
    "fnMap": {
      "0": {
        "name": "(anonymous_0)",
        "decl": { "start": { "line": 12, "column": 16 }, "end": { "line": 12, "column": 17 } },
        "loc": { "start": { "line": 12, "column": 22 }, "end": { "line": 77, "column": 1 } },
        "line": 12
      },
      "1": {
        "name": "(anonymous_1)",
        "decl": { "start": { "line": 22, "column": 4 }, "end": { "line": 22, "column": 5 } },
        "loc": { "start": { "line": 22, "column": 44 }, "end": { "line": 22, "column": 57 } },
        "line": 22
      },
      "2": {
        "name": "(anonymous_2)",
        "decl": { "start": { "line": 24, "column": 4 }, "end": { "line": 24, "column": 5 } },
        "loc": { "start": { "line": 24, "column": 10 }, "end": { "line": 41, "column": 5 } },
        "line": 24
      },
      "3": {
        "name": "(anonymous_3)",
        "decl": { "start": { "line": 29, "column": 33 }, "end": { "line": 29, "column": 34 } },
        "loc": { "start": { "line": 29, "column": 52 }, "end": { "line": 32, "column": 9 } },
        "line": 29
      },
      "4": {
        "name": "(anonymous_4)",
        "decl": { "start": { "line": 45, "column": 4 }, "end": { "line": 45, "column": 5 } },
        "loc": { "start": { "line": 45, "column": 35 }, "end": { "line": 45, "column": 41 } },
        "line": 45
      },
      "5": {
        "name": "(anonymous_5)",
        "decl": { "start": { "line": 47, "column": 4 }, "end": { "line": 47, "column": 5 } },
        "loc": { "start": { "line": 48, "column": 6 }, "end": { "line": 51, "column": 8 } },
        "line": 48
      },
      "6": {
        "name": "(anonymous_6)",
        "decl": { "start": { "line": 56, "column": 12 }, "end": { "line": 56, "column": 13 } },
        "loc": { "start": { "line": 56, "column": 18 }, "end": { "line": 67, "column": 3 } },
        "line": 56
      }
    },
    "branchMap": {
      "0": {
        "loc": { "start": { "line": 19, "column": 19 }, "end": { "line": 19, "column": 81 } },
        "type": "binary-expr",
        "locations": [
          { "start": { "line": 19, "column": 19 }, "end": { "line": 19, "column": 37 } },
          { "start": { "line": 19, "column": 41 }, "end": { "line": 19, "column": 60 } },
          { "start": { "line": 19, "column": 64 }, "end": { "line": 19, "column": 81 } }
        ],
        "line": 19
      },
      "1": {
        "loc": { "start": { "line": 26, "column": 49 }, "end": { "line": 26, "column": 93 } },
        "type": "binary-expr",
        "locations": [
          { "start": { "line": 26, "column": 50 }, "end": { "line": 26, "column": 59 } },
          { "start": { "line": 26, "column": 63 }, "end": { "line": 26, "column": 84 } },
          { "start": { "line": 26, "column": 89 }, "end": { "line": 26, "column": 93 } }
        ],
        "line": 26
      },
      "2": {
        "loc": { "start": { "line": 30, "column": 14 }, "end": { "line": 30, "column": 28 } },
        "type": "binary-expr",
        "locations": [
          { "start": { "line": 30, "column": 14 }, "end": { "line": 30, "column": 16 } },
          { "start": { "line": 30, "column": 20 }, "end": { "line": 30, "column": 28 } }
        ],
        "line": 30
      },
      "3": {
        "loc": { "start": { "line": 31, "column": 16 }, "end": { "line": 31, "column": 26 } },
        "type": "binary-expr",
        "locations": [
          { "start": { "line": 31, "column": 16 }, "end": { "line": 31, "column": 20 } },
          { "start": { "line": 31, "column": 24 }, "end": { "line": 31, "column": 26 } }
        ],
        "line": 31
      },
      "4": {
        "loc": { "start": { "line": 33, "column": 12 }, "end": { "line": 39, "column": 12 } },
        "type": "binary-expr",
        "locations": [
          { "start": { "line": 33, "column": 13 }, "end": { "line": 33, "column": 21 } },
          { "start": { "line": 33, "column": 25 }, "end": { "line": 38, "column": 9 } },
          { "start": { "line": 39, "column": 10 }, "end": { "line": 39, "column": 12 } }
        ],
        "line": 33
      },
      "5": {
        "loc": { "start": { "line": 36, "column": 21 }, "end": { "line": 36, "column": 37 } },
        "type": "binary-expr",
        "locations": [
          { "start": { "line": 36, "column": 21 }, "end": { "line": 36, "column": 31 } },
          { "start": { "line": 36, "column": 35 }, "end": { "line": 36, "column": 37 } }
        ],
        "line": 36
      },
      "6": {
        "loc": { "start": { "line": 36, "column": 42 }, "end": { "line": 36, "column": 57 } },
        "type": "binary-expr",
        "locations": [
          { "start": { "line": 36, "column": 42 }, "end": { "line": 36, "column": 51 } },
          { "start": { "line": 36, "column": 55 }, "end": { "line": 36, "column": 57 } }
        ],
        "line": 36
      },
      "7": {
        "loc": { "start": { "line": 36, "column": 62 }, "end": { "line": 36, "column": 76 } },
        "type": "binary-expr",
        "locations": [
          { "start": { "line": 36, "column": 62 }, "end": { "line": 36, "column": 70 } },
          { "start": { "line": 36, "column": 74 }, "end": { "line": 36, "column": 76 } }
        ],
        "line": 36
      },
      "8": {
        "loc": { "start": { "line": 48, "column": 6 }, "end": { "line": 51, "column": 8 } },
        "type": "binary-expr",
        "locations": [
          { "start": { "line": 48, "column": 7 }, "end": { "line": 48, "column": 15 } },
          { "start": { "line": 48, "column": 19 }, "end": { "line": 48, "column": 45 } },
          { "start": { "line": 49, "column": 6 }, "end": { "line": 49, "column": 36 } },
          { "start": { "line": 50, "column": 7 }, "end": { "line": 50, "column": 25 } },
          { "start": { "line": 50, "column": 29 }, "end": { "line": 50, "column": 40 } },
          { "start": { "line": 51, "column": 6 }, "end": { "line": 51, "column": 8 } }
        ],
        "line": 48
      }
    },
    "s": {
      "0": 1,
      "1": 2,
      "2": 2,
      "3": 2,
      "4": 2,
      "5": 2,
      "6": 2,
      "7": 0,
      "8": 1,
      "9": 1,
      "10": 1,
      "11": 1,
      "12": 2,
      "13": 0,
      "14": 1,
      "15": 2,
      "16": 2,
      "17": 1,
      "18": 1,
      "19": 1,
      "20": 0,
      "21": 0,
      "22": 0,
      "23": 2
    },
    "f": { "0": 2, "1": 0, "2": 1, "3": 1, "4": 0, "5": 1, "6": 1 },
    "b": {
      "0": [2, 2, 2],
      "1": [1, 0, 1],
      "2": [1, 1],
      "3": [1, 1],
      "4": [1, 0, 1],
      "5": [0, 0],
      "6": [0, 0],
      "7": [0, 0],
      "8": [1, 0, 1, 1, 1, 0]
    },
    "_coverageSchema": "1a1c01bbd47fc00a2c39e90264f33305004495a9",
    "hash": "7674f572b8ddf5aa34e40ff34f02828b148b9680"
  },
  "/home/hato/kohsei-san/src/prh/index.ts": {
    "path": "/home/hato/kohsei-san/src/prh/index.ts",
    "statementMap": {},
    "fnMap": {},
    "branchMap": {},
    "s": {},
    "f": {},
    "b": {},
    "_coverageSchema": "1a1c01bbd47fc00a2c39e90264f33305004495a9",
    "hash": "3eec826e53f15eee4474858a8c46eb3082b58765"
  },
  "/home/hato/kohsei-san/src/prh/initializePrh.ts": {
    "path": "/home/hato/kohsei-san/src/prh/initializePrh.ts",
    "statementMap": {
      "0": { "start": { "line": 7, "column": 22 }, "end": { "line": 12, "column": 1 } },
      "1": { "start": { "line": 8, "column": 2 }, "end": { "line": 8, "column": 48 } },
      "2": { "start": { "line": 9, "column": 2 }, "end": { "line": 9, "column": 41 } },
      "3": { "start": { "line": 10, "column": 2 }, "end": { "line": 10, "column": 37 } },
      "4": { "start": { "line": 11, "column": 2 }, "end": { "line": 11, "column": 44 } }
    },
    "fnMap": {
      "0": {
        "name": "(anonymous_0)",
        "decl": { "start": { "line": 7, "column": 22 }, "end": { "line": 7, "column": 23 } },
        "loc": { "start": { "line": 7, "column": 28 }, "end": { "line": 12, "column": 1 } },
        "line": 7
      }
    },
    "branchMap": {},
    "s": { "0": 1, "1": 1, "2": 1, "3": 1, "4": 1 },
    "f": { "0": 1 },
    "b": {},
    "_coverageSchema": "1a1c01bbd47fc00a2c39e90264f33305004495a9",
    "hash": "2fbfffbefd597e078b63266a50dd39e9200cb925"
  }
}
