TN:
SF:src/App.tsx
FN:17,(anonymous_0)
FN:34,(anonymous_1)
FN:40,(anonymous_2)
FN:50,(anonymous_3)
FN:54,(anonymous_4)
FN:55,(anonymous_5)
FN:56,(anonymous_6)
FN:58,(anonymous_7)
FNF:8
FNH:5
FNDA:3,(anonymous_0)
FNDA:3,(anonymous_1)
FNDA:3,(anonymous_2)
FNDA:4,(anonymous_3)
FNDA:0,(anonymous_4)
FNDA:0,(anonymous_5)
FNDA:0,(anonymous_6)
FNDA:3,(anonymous_7)
DA:16,1
DA:17,3
DA:23,1
DA:28,1
DA:33,1
DA:34,3
DA:40,1
DA:48,3
DA:50,4
DA:52,3
DA:54,3
DA:55,3
DA:56,3
DA:58,3
DA:60,3
LF:15
LH:15
BRDA:67,0,0,3
BRDA:67,0,1,1
BRDA:67,0,2,2
BRDA:70,1,0,3
BRDA:70,1,1,1
BRDA:70,1,2,2
BRDA:84,2,0,3
BRDA:84,2,1,3
BRF:8
BRH:8
end_of_record
TN:
SF:src/Edit.tsx
FN:25,(anonymous_0)
FN:52,(anonymous_1)
FN:67,(anonymous_2)
FN:76,(anonymous_3)
FN:86,(anonymous_4)
FN:141,(anonymous_5)
FN:149,(anonymous_6)
FN:151,(anonymous_7)
FN:156,(anonymous_8)
FN:158,(anonymous_9)
FN:171,(anonymous_10)
FN:172,(anonymous_11)
FN:173,(anonymous_12)
FN:182,(anonymous_13)
FN:198,(anonymous_14)
FN:213,(anonymous_15)
FN:217,(anonymous_16)
FNF:17
FNH:4
FNDA:0,(anonymous_0)
FNDA:4,(anonymous_1)
FNDA:1,(anonymous_2)
FNDA:1,(anonymous_3)
FNDA:0,(anonymous_4)
FNDA:0,(anonymous_5)
FNDA:0,(anonymous_6)
FNDA:0,(anonymous_7)
FNDA:0,(anonymous_8)
FNDA:0,(anonymous_9)
FNDA:0,(anonymous_10)
FNDA:0,(anonymous_11)
FNDA:0,(anonymous_12)
FNDA:0,(anonymous_13)
FNDA:4,(anonymous_14)
FNDA:0,(anonymous_15)
FNDA:0,(anonymous_16)
DA:24,1
DA:25,0
DA:33,1
DA:52,1
DA:58,4
DA:59,4
DA:60,4
DA:61,4
DA:62,4
DA:64,4
DA:65,4
DA:67,4
DA:68,1
DA:69,1
DA:72,1
DA:74,1
DA:76,1
DA:77,1
DA:78,1
DA:80,1
DA:81,1
DA:82,1
DA:83,1
DA:85,1
DA:87,0
DA:88,0
DA:90,0
DA:95,0
DA:97,0
DA:99,0
DA:100,0
DA:103,0
DA:104,0
DA:106,0
DA:109,0
DA:112,0
DA:113,0
DA:116,0
DA:118,0
DA:127,0
DA:128,0
DA:132,0
DA:133,0
DA:135,1
DA:136,1
DA:141,1
DA:142,0
DA:146,4
DA:147,4
DA:149,4
DA:151,4
DA:152,0
DA:153,0
DA:156,4
DA:158,4
DA:159,0
DA:160,0
DA:165,0
DA:167,0
DA:171,4
DA:172,0
DA:173,0
DA:179,0
DA:182,4
DA:184,4
DA:200,4
DA:214,0
DA:218,0
LF:68
LH:36
BRDA:68,0,0,1
BRDA:68,0,1,0
BRDA:80,1,0,1
BRDA:80,1,1,0
BRDA:80,2,0,1
BRDA:80,2,1,1
BRDA:80,2,2,1
BRDA:97,3,0,0
BRDA:97,3,1,0
BRDA:97,3,2,0
BRDA:97,3,3,0
BRDA:99,4,0,0
BRDA:99,4,1,0
BRDA:103,5,0,0
BRDA:103,5,1,0
BRDA:112,6,0,0
BRDA:112,6,1,0
BRDA:127,7,0,0
BRDA:127,7,1,0
BRDA:135,8,0,1
BRDA:135,8,1,0
BRDA:146,9,0,4
BRDA:146,9,1,4
BRDA:165,10,0,0
BRDA:165,10,1,0
BRDA:165,11,0,0
BRDA:165,11,1,0
BRDA:175,12,0,0
BRDA:175,12,1,0
BRDA:191,13,0,4
BRDA:191,13,1,0
BRDA:191,13,2,4
BRDA:212,14,0,4
BRDA:212,14,1,2
BRDA:243,15,0,4
BRDA:243,15,1,2
BRDA:243,15,2,2
BRDA:243,15,3,0
BRDA:254,16,0,4
BRDA:254,16,1,0
BRF:40
BRH:16
end_of_record
TN:
SF:src/Sidebar.tsx
FN:37,(anonymous_0)
FN:45,(anonymous_1)
FN:48,(anonymous_2)
FN:63,(anonymous_3)
FN:66,(anonymous_4)
FN:67,(anonymous_5)
FN:67,(anonymous_6)
FN:70,(anonymous_7)
FN:78,(anonymous_8)
FN:85,(anonymous_9)
FN:86,(anonymous_10)
FN:89,(anonymous_11)
FNF:12
FNH:2
FNDA:3,(anonymous_0)
FNDA:0,(anonymous_1)
FNDA:0,(anonymous_2)
FNDA:0,(anonymous_3)
FNDA:0,(anonymous_4)
FNDA:0,(anonymous_5)
FNDA:0,(anonymous_6)
FNDA:0,(anonymous_7)
FNDA:0,(anonymous_8)
FNDA:3,(anonymous_9)
FNDA:0,(anonymous_10)
FNDA:0,(anonymous_11)
DA:18,1
DA:22,1
DA:37,1
DA:45,3
DA:46,0
DA:48,0
DA:56,0
DA:58,0
DA:59,0
DA:63,3
DA:64,0
DA:66,3
DA:67,0
DA:70,3
DA:71,0
DA:73,0
DA:74,0
DA:78,3
DA:79,0
DA:81,3
DA:86,3
DA:89,0
LF:22
LH:10
BRDA:58,0,0,0
BRDA:58,0,1,0
BRDA:73,1,0,0
BRDA:73,1,1,0
BRDA:87,2,0,3
BRDA:87,2,1,3
BRF:6
BRH:2
end_of_record
TN:
SF:src/index.tsx
FN:23,(anonymous_0)
FN:34,(anonymous_1)
FN:55,(anonymous_2)
FNF:3
FNH:1
FNDA:0,(anonymous_0)
FNDA:0,(anonymous_1)
FNDA:1,(anonymous_2)
DA:21,1
DA:22,0
DA:24,0
DA:25,0
DA:28,0
DA:33,0
DA:34,0
DA:46,1
DA:50,1
DA:51,1
DA:56,1
DA:57,0
DA:62,1
DA:64,1
DA:76,1
LF:15
LH:8
BRDA:21,0,0,0
BRDA:21,0,1,1
BRDA:24,1,0,0
BRDA:24,1,1,0
BRDA:33,2,0,0
BRDA:33,2,1,0
BRDA:56,3,0,0
BRDA:56,3,1,1
BRF:8
BRH:2
end_of_record
TN:
SF:src/lint.ts
FN:41,(anonymous_0)
FN:51,(anonymous_1)
FN:56,(anonymous_2)
FNF:3
FNH:3
FNDA:1,(anonymous_0)
FNDA:10,(anonymous_1)
FNDA:7,(anonymous_2)
DA:39,1
DA:41,1
DA:42,1
DA:51,10
DA:56,7
LF:5
LH:5
BRF:0
BRH:0
end_of_record
TN:
SF:src/useMemo.ts
FN:12,(anonymous_0)
FN:22,(anonymous_1)
FN:24,(anonymous_2)
FN:29,(anonymous_3)
FN:45,(anonymous_4)
FN:47,(anonymous_5)
FN:56,(anonymous_6)
FNF:7
FNH:5
FNDA:3,(anonymous_0)
FNDA:0,(anonymous_1)
FNDA:1,(anonymous_2)
FNDA:1,(anonymous_3)
FNDA:0,(anonymous_4)
FNDA:1,(anonymous_5)
FNDA:1,(anonymous_6)
DA:12,1
DA:13,3
DA:15,3
DA:16,3
DA:17,3
DA:19,3
DA:21,3
DA:22,0
DA:25,1
DA:26,1
DA:28,1
DA:29,1
DA:44,3
DA:45,0
DA:48,1
DA:54,3
DA:56,3
DA:57,1
DA:58,1
DA:59,1
DA:61,0
DA:64,0
DA:65,0
DA:69,3
LF:24
LH:19
BRDA:19,0,0,3
BRDA:19,0,1,3
BRDA:19,0,2,3
BRDA:26,1,0,1
BRDA:26,1,1,0
BRDA:26,1,2,1
BRDA:30,2,0,1
BRDA:30,2,1,1
BRDA:31,3,0,1
BRDA:31,3,1,1
BRDA:33,4,0,1
BRDA:33,4,1,0
BRDA:33,4,2,1
BRDA:36,5,0,0
BRDA:36,5,1,0
BRDA:36,6,0,0
BRDA:36,6,1,0
BRDA:36,7,0,0
BRDA:36,7,1,0
BRDA:48,8,0,1
BRDA:48,8,1,0
BRDA:48,8,2,1
BRDA:48,8,3,1
BRDA:48,8,4,1
BRDA:48,8,5,0
BRF:25
BRH:15
end_of_record
TN:
SF:src/dict/index.ts
FNF:0
FNH:0
LF:0
LH:0
BRF:0
BRH:0
end_of_record
TN:
SF:src/dict/initializeDict.ts
FN:9,(anonymous_0)
FNF:1
FNH:1
FNDA:1,(anonymous_0)
DA:9,1
DA:10,1
DA:11,1
DA:12,1
DA:13,1
DA:14,1
DA:15,1
LF:7
LH:7
BRF:0
BRH:0
end_of_record
