TN:
SF:src/App.tsx
FN:17,(anonymous_0)
FN:34,(anonymous_1)
FN:40,(anonymous_2)
FN:50,(anonymous_3)
FN:54,(anonymous_4)
FN:55,(anonymous_5)
FN:56,(anonymous_6)
FN:58,(anonymous_7)
FNF:8
FNH:5
FNDA:3,(anonymous_0)
FNDA:3,(anonymous_1)
FNDA:3,(anonymous_2)
FNDA:4,(anonymous_3)
FNDA:0,(anonymous_4)
FNDA:0,(anonymous_5)
FNDA:0,(anonymous_6)
FNDA:3,(anonymous_7)
DA:16,1
DA:17,3
DA:23,1
DA:28,1
DA:33,1
DA:34,3
DA:40,1
DA:48,3
DA:50,4
DA:52,3
DA:54,3
DA:55,3
DA:56,3
DA:58,3
DA:60,3
LF:15
LH:15
BRDA:67,0,0,3
BRDA:67,0,1,1
BRDA:67,0,2,2
BRDA:70,1,0,3
BRDA:70,1,1,1
BRDA:70,1,2,2
BRDA:84,2,0,3
BRDA:84,2,1,3
BRF:8
BRH:8
end_of_record
TN:
SF:src/Edit.tsx
FN:25,(anonymous_0)
FN:52,(anonymous_1)
FN:68,(anonymous_2)
FN:74,(anonymous_3)
FN:79,(anonymous_4)
FN:101,(anonymous_5)
FN:106,(anonymous_6)
FN:117,(anonymous_7)
FN:168,(anonymous_8)
FN:170,(anonymous_9)
FN:175,(anonymous_10)
FN:177,(anonymous_11)
FN:190,(anonymous_12)
FN:191,(anonymous_13)
FN:192,(anonymous_14)
FN:205,(anonymous_15)
FN:221,(anonymous_16)
FN:234,(anonymous_17)
FN:238,(anonymous_18)
FNF:19
FNH:6
FNDA:0,(anonymous_0)
FNDA:5,(anonymous_1)
FNDA:1,(anonymous_2)
FNDA:1,(anonymous_3)
FNDA:1,(anonymous_4)
FNDA:0,(anonymous_5)
FNDA:3,(anonymous_6)
FNDA:0,(anonymous_7)
FNDA:0,(anonymous_8)
FNDA:0,(anonymous_9)
FNDA:0,(anonymous_10)
FNDA:0,(anonymous_11)
FNDA:0,(anonymous_12)
FNDA:0,(anonymous_13)
FNDA:0,(anonymous_14)
FNDA:0,(anonymous_15)
FNDA:5,(anonymous_16)
FNDA:0,(anonymous_17)
FNDA:0,(anonymous_18)
DA:24,1
DA:25,0
DA:33,1
DA:52,1
DA:58,5
DA:59,5
DA:60,5
DA:61,5
DA:62,5
DA:63,5
DA:65,5
DA:66,5
DA:68,5
DA:69,1
DA:70,1
DA:74,5
DA:75,1
DA:77,1
DA:79,1
DA:80,1
DA:81,1
DA:83,1
DA:84,1
DA:87,0
DA:88,0
DA:92,0
DA:93,0
DA:95,1
DA:96,1
DA:101,1
DA:102,0
DA:106,5
DA:107,3
DA:108,3
DA:109,0
DA:112,3
DA:113,3
DA:114,3
DA:116,3
DA:118,0
DA:119,0
DA:121,0
DA:126,0
DA:128,0
DA:130,0
DA:131,0
DA:134,0
DA:135,0
DA:137,0
DA:140,0
DA:143,0
DA:144,0
DA:147,0
DA:149,0
DA:157,0
DA:160,0
DA:161,0
DA:165,5
DA:166,5
DA:168,5
DA:170,5
DA:171,0
DA:172,0
DA:175,5
DA:177,5
DA:178,0
DA:179,0
DA:184,0
DA:186,0
DA:190,5
DA:191,0
DA:192,0
DA:198,0
DA:199,0
DA:202,0
DA:205,5
DA:207,5
DA:223,5
DA:235,0
DA:239,0
LF:80
LH:42
BRDA:69,0,0,1
BRDA:69,0,1,0
BRDA:83,1,0,1
BRDA:83,1,1,0
BRDA:87,2,0,0
BRDA:87,2,1,0
BRDA:95,3,0,1
BRDA:95,3,1,0
BRDA:108,4,0,0
BRDA:108,4,1,3
BRDA:108,5,0,3
BRDA:108,5,1,3
BRDA:128,6,0,0
BRDA:128,6,1,0
BRDA:128,6,2,0
BRDA:128,6,3,0
BRDA:130,7,0,0
BRDA:130,7,1,0
BRDA:134,8,0,0
BRDA:134,8,1,0
BRDA:143,9,0,0
BRDA:143,9,1,0
BRDA:165,10,0,5
BRDA:165,10,1,5
BRDA:184,11,0,0
BRDA:184,11,1,0
BRDA:184,12,0,0
BRDA:184,12,1,0
BRDA:194,13,0,0
BRDA:194,13,1,0
BRDA:198,14,0,0
BRDA:198,14,1,0
BRDA:214,15,0,5
BRDA:214,15,1,0
BRDA:214,15,2,5
BRDA:233,16,0,5
BRDA:233,16,1,2
BRDA:264,17,0,5
BRDA:264,17,1,2
BRDA:264,17,2,2
BRDA:264,17,3,0
BRDA:277,18,0,5
BRDA:277,18,1,0
BRF:43
BRH:16
end_of_record
TN:
SF:src/Sidebar.tsx
FN:37,(anonymous_0)
FN:45,(anonymous_1)
FN:48,(anonymous_2)
FN:63,(anonymous_3)
FN:66,(anonymous_4)
FN:67,(anonymous_5)
FN:67,(anonymous_6)
FN:70,(anonymous_7)
FN:78,(anonymous_8)
FN:85,(anonymous_9)
FN:86,(anonymous_10)
FN:89,(anonymous_11)
FNF:12
FNH:2
FNDA:3,(anonymous_0)
FNDA:0,(anonymous_1)
FNDA:0,(anonymous_2)
FNDA:0,(anonymous_3)
FNDA:0,(anonymous_4)
FNDA:0,(anonymous_5)
FNDA:0,(anonymous_6)
FNDA:0,(anonymous_7)
FNDA:0,(anonymous_8)
FNDA:3,(anonymous_9)
FNDA:0,(anonymous_10)
FNDA:0,(anonymous_11)
DA:18,1
DA:22,1
DA:37,1
DA:45,3
DA:46,0
DA:48,0
DA:56,0
DA:58,0
DA:59,0
DA:63,3
DA:64,0
DA:66,3
DA:67,0
DA:70,3
DA:71,0
DA:73,0
DA:74,0
DA:78,3
DA:79,0
DA:81,3
DA:86,3
DA:89,0
LF:22
LH:10
BRDA:58,0,0,0
BRDA:58,0,1,0
BRDA:73,1,0,0
BRDA:73,1,1,0
BRDA:87,2,0,3
BRDA:87,2,1,3
BRF:6
BRH:2
end_of_record
TN:
SF:src/index.tsx
FN:23,(anonymous_0)
FN:34,(anonymous_1)
FN:55,(anonymous_2)
FNF:3
FNH:1
FNDA:0,(anonymous_0)
FNDA:0,(anonymous_1)
FNDA:1,(anonymous_2)
DA:21,1
DA:22,0
DA:24,0
DA:25,0
DA:28,0
DA:33,0
DA:34,0
DA:46,1
DA:50,1
DA:51,1
DA:56,1
DA:57,0
DA:62,1
DA:64,1
DA:76,1
LF:15
LH:8
BRDA:21,0,0,0
BRDA:21,0,1,1
BRDA:24,1,0,0
BRDA:24,1,1,0
BRDA:33,2,0,0
BRDA:33,2,1,0
BRDA:56,3,0,0
BRDA:56,3,1,1
BRF:8
BRH:2
end_of_record
TN:
SF:src/lint.ts
FN:33,(anonymous_0)
FN:43,(anonymous_1)
FN:48,(anonymous_2)
FNF:3
FNH:3
FNDA:1,(anonymous_0)
FNDA:10,(anonymous_1)
FNDA:7,(anonymous_2)
DA:31,1
DA:33,1
DA:34,1
DA:43,10
DA:48,7
LF:5
LH:5
BRF:0
BRH:0
end_of_record
TN:
SF:src/useMemo.ts
FN:12,(anonymous_0)
FN:22,(anonymous_1)
FN:24,(anonymous_2)
FN:29,(anonymous_3)
FN:45,(anonymous_4)
FN:47,(anonymous_5)
FN:56,(anonymous_6)
FNF:7
FNH:5
FNDA:3,(anonymous_0)
FNDA:0,(anonymous_1)
FNDA:1,(anonymous_2)
FNDA:1,(anonymous_3)
FNDA:0,(anonymous_4)
FNDA:1,(anonymous_5)
FNDA:1,(anonymous_6)
DA:12,1
DA:13,3
DA:15,3
DA:16,3
DA:17,3
DA:19,3
DA:21,3
DA:22,0
DA:25,1
DA:26,1
DA:28,1
DA:29,1
DA:44,3
DA:45,0
DA:48,1
DA:54,3
DA:56,3
DA:57,1
DA:58,1
DA:59,1
DA:61,0
DA:64,0
DA:65,0
DA:69,3
LF:24
LH:19
BRDA:19,0,0,3
BRDA:19,0,1,3
BRDA:19,0,2,3
BRDA:26,1,0,1
BRDA:26,1,1,0
BRDA:26,1,2,1
BRDA:30,2,0,1
BRDA:30,2,1,1
BRDA:31,3,0,1
BRDA:31,3,1,1
BRDA:33,4,0,1
BRDA:33,4,1,0
BRDA:33,4,2,1
BRDA:36,5,0,0
BRDA:36,5,1,0
BRDA:36,6,0,0
BRDA:36,6,1,0
BRDA:36,7,0,0
BRDA:36,7,1,0
BRDA:48,8,0,1
BRDA:48,8,1,0
BRDA:48,8,2,1
BRDA:48,8,3,1
BRDA:48,8,4,1
BRDA:48,8,5,0
BRF:25
BRH:15
end_of_record
TN:
SF:src/dict/index.ts
FNF:0
FNH:0
LF:0
LH:0
BRF:0
BRH:0
end_of_record
TN:
SF:src/dict/initializeDict.ts
FN:9,(anonymous_0)
FNF:1
FNH:1
FNDA:1,(anonymous_0)
DA:9,1
DA:10,1
DA:11,1
DA:12,1
DA:13,1
DA:14,1
DA:15,1
LF:7
LH:7
BRF:0
BRH:0
end_of_record
